hwnd 000200ae pid 00002484 tid 00002488 (parent 0002002e) style 84000043 class 'tooltips_class32' title ""
hwnd 0002002e pid 00002484 tid 00002488 (parent 00000000) style 84000000 class 'SynTPEnhTFPWndClass' title "Forcepad driver tray window"
hwnd 000402f0 pid 00003438 tid 000030e8 (parent 00000000) style 84000000 class 'GDI+ Hook Window Class' title "GDI+ Window (AlienwareOn-ScreenDisplay.exe)"
hwnd 0001039e pid 00003460 tid 00001814 (parent 00000000) style 84000000 class 'GDI+ Hook Window Class' title "GDI+ Window (AlienwareTactXMacroController.exe)"
hwnd 000100e4 pid 00002484 tid 00002488 (parent 00000000) style 94000000 class 'SynTrackCursorWindowClass' title ""
hwnd 00020100 pid 00002954 tid 00002958 (parent 00000000) style 84000000 class 'SynTPHelperWndClass' title ""
hwnd 00020192 pid 000029f8 tid 000029fc (parent 00000000) style 84000000 class 'Worker Window' title ""
hwnd 000700a0 pid 00001d18 tid 000006ec (parent 00000000) style 94000000 class 'Windows.UI.Core.CoreWindow' title "Microsoft Text Input Application"
hwnd 000202fe pid 000029f8 tid 00001db8 (parent 00000000) style 940b0000 class 'ApplicationFrameWindow' title ""
hwnd 00010136 pid 000029f8 tid 00002b7c (parent 00000000) style 84000003 class 'tooltips_class32' title ""
hwnd 00010150 pid 000029f8 tid 00002b7c (parent 00000000) style 84000001 class 'tooltips_class32' title ""
hwnd 00010154 pid 000029f8 tid 00002b7c (parent 00000000) style 84000001 class 'tooltips_class32' title ""
hwnd 000101f4 pid 000029f8 tid 00002fbc (parent 00000000) style 84000000 class 'ForegroundStaging' title ""
hwnd 000101b8 pid 000029f8 tid 00002eb8 (parent 00000000) style 84000000 class 'ForegroundStaging' title ""
hwnd 0001014c pid 000029f8 tid 00002b7c (parent 00000000) style 84000003 class 'tooltips_class32' title ""
hwnd 00010148 pid 000029f8 tid 00002b7c (parent 00000000) style 84000003 class 'tooltips_class32' title ""
hwnd 0001012e pid 000029f8 tid 00002b7c (parent 00000000) style 84000001 class 'tooltips_class32' title ""
hwnd 00010120 pid 000029f8 tid 00002b7c (parent 00000000) style 84000001 class 'tooltips_class32' title ""
hwnd 000300b0 pid 000029f8 tid 00002b7c (parent 00000000) style 84000001 class 'tooltips_class32' title ""
hwnd 000101d8 pid 000029f8 tid 00002eb8 (parent 00000000) style 84000000 class 'EdgeUiInputWndClass' title ""
hwnd 000101dc pid 000029f8 tid 00002eb8 (parent 00000000) style 94000000 class 'EdgeUiInputWndClass' title ""
hwnd 000101de pid 000029f8 tid 00002eb8 (parent 00000000) style 84000000 class 'EdgeUiInputWndClass' title ""
hwnd 000101da pid 000029f8 tid 00002eb8 (parent 00000000) style 84000000 class 'EdgeUiInputWndClass' title ""
hwnd 000101d6 pid 000029f8 tid 00002eb8 (parent 00000000) style 84000000 class 'EdgeUiInputWndClass' title ""
hwnd 000101d4 pid 000029f8 tid 00002eb8 (parent 00000000) style 84000000 class 'EdgeUiInputTopWndClass' title ""
hwnd 000101d2 pid 000029f8 tid 00002eb8 (parent 00000000) style 84000000 class 'EdgeUiInputWndClass' title ""
hwnd 000101d0 pid 000029f8 tid 00002eb8 (parent 00000000) style 84000000 class 'EdgeUiInputWndClass' title ""
hwnd 00010540 pid 000039f8 tid 0000429c (parent 00000000) style 94000000 class 'Windows.UI.Core.CoreWindow' title "New notification"
hwnd 00540944 pid 0000315c tid 00003234 (parent 00000000) style 94000000 class 'Windows.UI.Core.CoreWindow' title "News and interests"
hwnd 00020256 pid 00000e6c tid 000006d8 (parent 00000000) style 94000000 class 'Windows.UI.Core.CoreWindow' title "Search"
hwnd 005d066c pid 000039f8 tid 00002854 (parent 00000000) style 94000000 class 'Windows.UI.Core.CoreWindow' title "Jump List for File Explorer (1)"
hwnd 0001020c pid 00000680 tid 00002c98 (parent 00000000) style 94000000 class 'Windows.UI.Core.CoreWindow' title "Start"
hwnd 000403f0 pid 000039f8 tid 000023d4 (parent 00000000) style 94000000 class 'Windows.UI.Core.CoreWindow' title "Windows Shell Experience Host"
hwnd 000101ce pid 000029f8 tid 00002eb8 (parent 00000000) style 04c00000 class 'WorkerW' title ""
hwnd 000101ae pid 000029f8 tid 00002eb8 (parent 00000000) style 94000000 class 'ApplicationManager_ImmersiveShellWindow' title ""
hwnd 00020238 pid 00000e6c tid 000007e8 (parent 00000000) style 94000000 class 'Internet Explorer_Hidden' title ""
hwnd 008d08aa pid 0000315c tid 00003234 (parent 00000000) style 94000000 class 'Internet Explorer_Hidden' title ""
hwnd 0001015c pid 000029f8 tid 00002b7c (parent 00010112) style 84000001 class 'tooltips_class32' title ""
hwnd 00010180 pid 000029f8 tid 00002b7c (parent 00010112) style 84000003 class 'tooltips_class32' title ""
hwnd 00010158 pid 000029f8 tid 00002b7c (parent 00010112) style 84000001 class 'tooltips_class32' title ""
hwnd 0004019e pid 000029f8 tid 00002b7c (parent 00010112) style 94000000 class 'OpenShell.CStartButton' title ""
hwnd 00010112 pid 000029f8 tid 00002b7c (parent 00000000) style 96000000 class 'Shell_TrayWnd' title ""
hwnd 001807f0 pid 00004408 tid 00004db0 (parent 00000000) style 84000000 class 'Microsoft-Windows-SnipperCaptureForm' title ""
hwnd 002a0bd2 pid 000006fc tid 000021d8 (parent 010909b0) style 94cc024c class '#32770' title "Surface : The Wretched Scientist@The Wretched Scientist"
hwnd 00320bcc pid 000006fc tid 000021d8 (parent 004e0228) style 84000003 class 'tooltips_class32' title ""
hwnd 004e0228 pid 000006fc tid 000021d8 (parent 010909b0) style 84000000 class 'Tmessageform' title "Wilson"
hwnd 028b0820 pid 000006fc tid 000021d8 (parent 010909b0) style 84000003 class 'tooltips_class32' title ""
hwnd 010909b0 pid 000006fc tid 000021d8 (parent 008f08da) style 94080000 class 'Tmainform' title "Wilson"
hwnd 00440bee pid 000006fc tid 000021d8 (parent 00340bc4) style 84000003 class 'tooltips_class32' title ""
hwnd 00120ac8 pid 000006fc tid 000021d8 (parent 00630472) style 84000003 class 'tooltips_class32' title ""
hwnd 00630472 pid 000006fc tid 000021d8 (parent 00340bc4) style 84000000 class 'Tmessageformu' title "Kero"
hwnd 00340bc4 pid 000006fc tid 000021d8 (parent 008f08da) style 94000000 class 'Tkeroform' title "Kero"
hwnd 00010182 pid 000029f8 tid 00002b7c (parent 00000000) style 86000000 class 'TaskListThumbnailWnd' title ""
hwnd 00280878 pid 000006fc tid 00000c98 (parent 00000000) style 8c800000 class 'SSPProgressWindow' title "TProgressWindow"
hwnd 000401a2 pid 000029f8 tid 00002b7c (parent 00000000) style 84000003 class 'tooltips_class32' title ""
hwnd 00340a38 pid 000006fc tid 00000c98 (parent 00000000) style 8c000000 class 'SSPThumbnailWindow' title "HelperThread"
hwnd 0001015a pid 000029f8 tid 00002b7c (parent 00010138) style 84000001 class 'tooltips_class32' title ""
hwnd 00010138 pid 000029f8 tid 00002b7c (parent 00000000) style 84020000 class 'NotifyIconOverflowWindow' title ""
hwnd 00030032 pid 000029f8 tid 00002b7c (parent 00000000) style 84000000 class 'OpenShell.COwnerWindow' title ""
hwnd 0001027a pid 000029f8 tid 0000322c (parent 00000000) style 84040000 class 'SystemTray_Main' title "Battery Meter"
hwnd 000102b0 pid 000029f8 tid 00003370 (parent 00000000) style 84000000 class 'ATL:00007FFBEB118280' title ""
hwnd 000202c8 pid 000029f8 tid 00003370 (parent 000902d4) style 84800000 class 'ATL:00007FFC1135B210' title "Network Flyout"
hwnd 000902d4 pid 000029f8 tid 00003370 (parent 00000000) style 04c00000 class 'PNIHiddenWnd' title ""
hwnd 000a08ee pid 00004690 tid 00003030 (parent 00060634) style 86000000 class 'vguiPopupWindow' title ""
hwnd 007807a2 pid 000029f8 tid 00004bbc (parent 00000000) style 86800000 class 'Auto-Suggest Dropdown' title ""
hwnd 00210768 pid 00002c84 tid 00001e78 (parent 0003041c) style 86000000 class 'Chrome_WidgetWin_1' title ""
hwnd 00020422 pid 00002c84 tid 00001e78 (parent 0003041c) style 86000000 class 'Chrome_WidgetWin_1' title ""
hwnd 000402de pid 00002c84 tid 00001e78 (parent 0003041c) style 86000000 class 'Chrome_WidgetWin_1' title ""
hwnd 000104c8 pid 00002c84 tid 00001e78 (parent 0003041c) style 86000000 class 'Chrome_WidgetWin_1' title ""
hwnd 0003041c pid 00002c84 tid 00001e78 (parent 00000000) style 16c70000 class 'Chrome_WidgetWin_1' title "Customizing phone cases with “whipped cream” - YouTube - Opera"
hwnd 0004025c pid 000027ec tid 000027e8 (parent 00000000) style 15c70000 class 'Chrome_WidgetWin_1' title "#general | Ukagaka Dream Team - Discord"
hwnd 00720a48 pid 00004408 tid 00004db0 (parent 007e06bc) style 84000000 class 'tooltips_class32' title ""
hwnd 007e06bc pid 00004408 tid 00004db0 (parent 00000000) style 34cf0000 class 'Microsoft-Windows-SnipperEditor' title "Snipping Tool"
hwnd 00540b14 pid 00004408 tid 00004db0 (parent 002f067a) style 84000000 class 'tooltips_class32' title ""
hwnd 002f067a pid 00004408 tid 00004db0 (parent 00000000) style 04ca0000 class 'Microsoft-Windows-SnipperToolbar' title "Snipping Tool"
hwnd 008f08da pid 000006fc tid 000021d8 (parent 00000000) style 14ca0000 class 'TMasterForm' title "The Wretched Scientist"
hwnd 002508e4 pid 00004408 tid 00001844 (parent 00000000) style 84000000 class 'TabletPenServiceHelperClass' title "WISPTIS"
hwnd 003e0770 pid 00004408 tid 000013ac (parent 00000000) style 04c00000 class 'ATL:00007FFBE1101CF0' title ""
hwnd 006408a4 pid 00004408 tid 00002acc (parent 00000000) style 84000000 class 'GDI+ Hook Window Class' title "GDI+ Window (SnippingTool.exe)"
hwnd 000101ac pid 000029f8 tid 00002eb8 (parent 00000000) style 84000000 class 'ApplicationManager_DesktopShellWindow' title ""
hwnd 0004065e pid 00004044 tid 0000144c (parent 000705a8) style 84000000 class 'tooltips_class32' title ""
hwnd 000505bc pid 00004044 tid 0000144c (parent 000705a8) style 84000003 class 'tooltips_class32' title ""
hwnd 001d0a6c pid 00004044 tid 0000144c (parent 00270a94) style 84000041 class 'tooltips_class32' title ""
hwnd 00350a50 pid 00004044 tid 0000144c (parent 00270a94) style 84000041 class 'tooltips_class32' title ""
hwnd 00530880 pid 00004044 tid 0000144c (parent 00270a94) style 84000041 class 'tooltips_class32' title ""
hwnd 00270a94 pid 00004044 tid 0000144c (parent 000705a8) style 84cc004c class '#32770' title "Find in Files"
hwnd 000d06ba pid 00004044 tid 0000144c (parent 000705a8) style 8408004c class '#32770' title ""
hwnd 000505a4 pid 00004044 tid 0000144c (parent 000705a8) style 84000003 class 'tooltips_class32' title ""
hwnd 000705a8 pid 00004044 tid 0000144c (parent 00000000) style 16cf0000 class 'Notepad++' title "D:\Program Files\ssp_2_5_01\ghost\dg_wrwlison\ghost\master\wr_etc.dic - Notepad++"
hwnd 00480992 pid 00000fb4 tid 00003408 (parent 00000000) style 16cf0000 class 'Chrome_WidgetWin_1' title "UKADOC Project SHIORI Event List - Google Chrome"
hwnd 004302a6 pid 000029f8 tid 00004bbc (parent 002404b4) style 84000003 class 'tooltips_class32' title ""
hwnd 01390796 pid 000029f8 tid 00004bbc (parent 002404b4) style 84000003 class 'tooltips_class32' title ""
hwnd 000c0474 pid 000029f8 tid 00004bbc (parent 002404b4) style 84000001 class 'tooltips_class32' title ""
hwnd 00710668 pid 000029f8 tid 00004bbc (parent 002404b4) style 84000002 class 'tooltips_class32' title ""
hwnd 0006051e pid 000029f8 tid 00004bbc (parent 002404b4) style 84000000 class 'WorkerW' title ""
hwnd 0067081e pid 000029f8 tid 00004bbc (parent 002404b4) style 84000003 class 'tooltips_class32' title ""
hwnd 004209f2 pid 000029f8 tid 00004bbc (parent 002404b4) style 84000000 class 'tooltips_class32' title ""
hwnd 002107ea pid 000029f8 tid 00004bbc (parent 002404b4) style 84000000 class 'tooltips_class32' title ""
hwnd 002404b4 pid 000029f8 tid 00004bbc (parent 00000000) style 14cf0000 class 'CabinetWClass' title "ghost"
hwnd 00490aa6 pid 000029f8 tid 000033b8 (parent 00000000) style 94cf0000 class 'ApplicationFrameWindow' title ""
hwnd 015d07e8 pid 000029f8 tid 00004f44 (parent 00000000) style 04c00000 class 'WorkerW' title ""
hwnd 00120a88 pid 00002544 tid 00004f7c (parent 00000000) style 04c00000 class 'WorkerW' title ""
hwnd 00260966 pid 00002544 tid 00002584 (parent 00000000) style 04c00000 class 'WorkerW' title ""
hwnd 00360b0e pid 00002544 tid 00004fb8 (parent 00000000) style 04c00000 class 'WorkerW' title ""
hwnd 01220b50 pid 00002544 tid 00002428 (parent 00000000) style 04c00000 class 'WorkerW' title ""
hwnd 0044043e pid 00002544 tid 00001e7c (parent 00000000) style 04c00000 class 'WorkerW' title ""
hwnd 001409c8 pid 00002544 tid 00004fe4 (parent 00000000) style 04c00000 class 'WorkerW' title ""
hwnd 017a081c pid 00002544 tid 00004fb4 (parent 00000000) style 04c00000 class 'WorkerW' title ""
hwnd 00130926 pid 00002544 tid 00001ac8 (parent 00000000) style 04c00000 class 'WorkerW' title ""
hwnd 00390b3c pid 00002544 tid 00004ebc (parent 00000000) style 04c00000 class 'WorkerW' title ""
hwnd 001204d2 pid 000006fc tid 000021d8 (parent 00000000) style 94ca0000 class 'SSPMAIN-3145fdab-2ee0-4158-a1ce-832b553ad790' title "SSP"
hwnd 003004f0 pid 000006fc tid 000021d8 (parent 00000000) style 84000000 class 'GDI+ Hook Window Class' title "GDI+ Window (ssp.exe)"
hwnd 038b0aca pid 00003c5c tid 00004674 (parent 00000000) style 04c00000 class 'WUIconClass' title "WUIconWindow"
hwnd 008d086c pid 0000373c tid 00003740 (parent 00000000) style 84000000 class 'Afx:0000000140000000:0' title "Realtek SpeakerTestManager"
hwnd 002300b2 pid 00002484 tid 00002488 (parent 00000000) style 04c00000 class 'CTouchPadSynchronizer' title "TouchPad object helper window"
hwnd 001e04e2 pid 000029f8 tid 00004bbc (parent 00000000) style 84000102 class 'tooltips_class32' title ""
hwnd 002a02d0 pid 000029f8 tid 00004bbc (parent 00010010) style 44808111 class 'ComboLBox' title ""
hwnd 009008ac pid 00004044 tid 0000144c (parent 00010010) style 44808041 class 'ComboLBox' title ""
hwnd 00010602 pid 00002704 tid 000027f0 (parent 00000000) style 84000003 class 'tooltips_class32' title ""
hwnd 0001049e pid 000029f8 tid 00004190 (parent 00000000) style 84000000 class 'Windows.UI.Core.CoreWindow' title "Window"
hwnd 0001032e pid 0000273c tid 000035e8 (parent 00000000) style 84000003 class 'tooltips_class32' title ""
hwnd 0001018e pid 000029f8 tid 000029fc (parent 00000000) style 84000102 class 'tooltips_class32' title ""
hwnd 00090874 pid 000029f8 tid 00004bbc (parent 00000000) style 84000000 class 'UIRibbonStdCompMgr' title ""
hwnd 002004ee pid 000029f8 tid 00004bbc (parent 00000000) style 04c00000 class 'WorkerW' title ""
hwnd 00e5087c pid 00004044 tid 0000144c (parent 00010010) style 44808041 class 'ComboLBox' title ""
hwnd 003c09ce pid 00004044 tid 0000144c (parent 00010010) style 44808041 class 'ComboLBox' title ""
hwnd 018d089e pid 00004044 tid 0000144c (parent 00010010) style 44808041 class 'ComboLBox' title ""
hwnd 00330a7a pid 000029f8 tid 00002e2c (parent 00000000) style 04c00000 class 'WorkerW' title ""
hwnd 00280794 pid 000029f8 tid 0000469c (parent 00000000) style 06ce0000 class 'OperationStatusWindow' title "Progress"
hwnd 00080a0c pid 000029f8 tid 000045a0 (parent 00000000) style 84000000 class 'GDI+ Hook Window Class' title "GDI+ Window (Explorer.EXE)"
hwnd 002b097a pid 00002608 tid 0000235c (parent 00000000) style 86000000 class 'temp_d3d_window_4039785' title "Temp Window"
hwnd 001007f6 pid 00000fb4 tid 00003408 (parent 00000000) style 8c000000 class 'Chrome_WidgetWin_0' title ""
hwnd 0049093c pid 00000fb4 tid 00003408 (parent 00000000) style 84000000 class 'Chrome_StatusTrayWindow' title ""
hwnd 00070988 pid 00000fb4 tid 00003408 (parent 00000000) style 04c00000 class 'Chrome_SystemMessageWindow' title ""
hwnd 002b0814 pid 00000fb4 tid 00003408 (parent 00000000) style 06cf0000 class 'Chrome_WidgetWin_0' title ""
hwnd 00550974 pid 00000fb4 tid 00003408 (parent 00000000) style 84000000 class 'Base_PowerMessageWindow' title ""
hwnd 004507ac pid 00000fec tid 000033ac (parent 00000000) style 04c00000 class 'crashpad_SessionEndWatcher' title ""
hwnd 0023078e pid 000029f8 tid 0000220c (parent 00000000) style 04c00000 class 'WorkerW' title ""
hwnd 00030630 pid 00004690 tid 00003030 (parent 000c0560) style 86000000 class 'vguiPopupWindow' title ""
hwnd 00080070 pid 00004690 tid 00003030 (parent 000c0560) style 86000000 class 'vguiPopupWindow' title ""
hwnd 000505e4 pid 00004690 tid 00003030 (parent 000c0560) style 86000000 class 'vguiPopupWindow' title ""
hwnd 00ae066e pid 00004690 tid 00003030 (parent 000c0560) style 86000000 class 'vguiPopupWindow' title ""
hwnd 000505e6 pid 00004690 tid 00003030 (parent 000c0560) style 86000000 class 'vguiPopupWindow' title ""
hwnd 000505e0 pid 00004690 tid 00003030 (parent 000c0560) style 86000000 class 'vguiPopupWindow' title ""
hwnd 0005058e pid 00004690 tid 00003030 (parent 000c0560) style 86000000 class 'vguiPopupWindow' title ""
hwnd 000705a6 pid 00004690 tid 00003030 (parent 000c0560) style 86000000 class 'vguiPopupWindow' title ""
hwnd 0003062a pid 00004690 tid 00003030 (parent 000c0560) style 86000000 class 'vguiPopupWindow' title ""
hwnd 00b305b4 pid 00004690 tid 00003030 (parent 000c0560) style 86000000 class 'vguiPopupWindow' title ""
hwnd 004c02f4 pid 00004690 tid 00003030 (parent 000c0560) style 86000000 class 'vguiPopupWindow' title ""
hwnd 006f033e pid 00004690 tid 00003030 (parent 000c0560) style 86000000 class 'vguiPopupWindow' title ""
hwnd 000f0850 pid 00004690 tid 00003030 (parent 000c0560) style 86000000 class 'vguiPopupWindow' title ""
hwnd 000b0894 pid 00004690 tid 00003030 (parent 000c0560) style 86000000 class 'vguiPopupWindow' title ""
hwnd 002d0812 pid 00004690 tid 00003030 (parent 000c0560) style 86000000 class 'vguiPopupWindow' title ""
hwnd 001807c6 pid 00004690 tid 00003030 (parent 000c0560) style 86000000 class 'vguiPopupWindow' title ""
hwnd 000c0560 pid 00004690 tid 00003030 (parent 00000000) style 86cf0000 class 'vguiPopupWindow' title "Steam"
hwnd 00090054 pid 00004690 tid 00003030 (parent 00060634) style 86000000 class 'vguiPopupWindow' title ""
hwnd 000905c0 pid 00004690 tid 00003030 (parent 00060634) style 86000000 class 'vguiPopupWindow' title ""
hwnd 000805b0 pid 00004690 tid 00003030 (parent 00060634) style 86000000 class 'vguiPopupWindow' title ""
hwnd 00060634 pid 00004690 tid 00003030 (parent 00000000) style 86ca0000 class 'vguiPopupWindow' title ""
hwnd 00170908 pid 00002544 tid 0000104c (parent 00000000) style 04c00000 class 'WorkerW' title ""
hwnd 000805be pid 00000838 tid 0000156c (parent 00000000) style 8c000000 class 'Chrome_WidgetWin_0' title ""
hwnd 000605ac pid 00000838 tid 0000156c (parent 00000000) style 04c00000 class 'Chrome_SystemMessageWindow' title ""
hwnd 000505c4 pid 00000838 tid 0000156c (parent 00000000) style 06cf0000 class 'Chrome_WidgetWin_0' title ""
hwnd 00610672 pid 00000838 tid 0000156c (parent 00000000) style 84000000 class 'Base_PowerMessageWindow' title ""
hwnd 0013055a pid 00003248 tid 000045e4 (parent 00000000) style 04c00000 class 'crashpad_SessionEndWatcher' title ""
hwnd 000505d6 pid 00001758 tid 00002068 (parent 00000000) style 8c000000 class 'Chrome_WidgetWin_0' title ""
hwnd 000d05fa pid 00001758 tid 00003098 (parent 00000000) style 8c000000 class 'Chrome_WidgetWin_0' title ""
hwnd 0003063c pid 00004690 tid 00003030 (parent 00030636) style 86000000 class 'vguiPopupWindow' title ""
hwnd 001a0758 pid 00004690 tid 00003030 (parent 00030636) style 86000000 class 'vguiPopupWindow' title ""
hwnd 003406fe pid 00004690 tid 00003030 (parent 00030636) style 86000000 class 'vguiPopupWindow' title ""
hwnd 000f083e pid 00004690 tid 00003030 (parent 00030636) style 86000000 class 'vguiPopupWindow' title ""
hwnd 00140730 pid 00004690 tid 00003030 (parent 00030636) style 86000000 class 'vguiPopupWindow' title ""
hwnd 000c05f4 pid 00004690 tid 00003030 (parent 00030636) style 86000000 class 'vguiPopupWindow' title ""
hwnd 0003063a pid 00004690 tid 00003030 (parent 00030636) style 86000000 class 'vguiPopupWindow' title ""
hwnd 0005059c pid 00004690 tid 00003030 (parent 00030636) style 86000000 class 'vguiPopupWindow' title ""
hwnd 0005059a pid 00004690 tid 00003030 (parent 00030636) style 86000000 class 'vguiPopupWindow' title ""
hwnd 000505c6 pid 00004690 tid 00003030 (parent 00030636) style 86000000 class 'vguiPopupWindow' title ""
hwnd 0003062c pid 00004690 tid 00003030 (parent 00030636) style 86000000 class 'vguiPopupWindow' title ""
hwnd 000b005c pid 00004690 tid 00003030 (parent 00030636) style 86000000 class 'vguiPopupWindow' title ""
hwnd 0005058c pid 00004690 tid 00003030 (parent 00030636) style 86000000 class 'vguiPopupWindow' title ""
hwnd 000c054e pid 00004690 tid 00003030 (parent 00030636) style 86000000 class 'vguiPopupWindow' title ""
hwnd 00030638 pid 00004690 tid 00003030 (parent 00030636) style 86000000 class 'vguiPopupWindow' title ""
hwnd 0018073c pid 00004690 tid 00003030 (parent 00030636) style 86000000 class 'vguiPopupWindow' title ""
hwnd 007d075c pid 00004690 tid 00003030 (parent 00030636) style 86000000 class 'vguiPopupWindow' title ""
hwnd 000a02da pid 00004690 tid 00003030 (parent 00030636) style 86000000 class 'vguiPopupWindow' title ""
hwnd 000602bc pid 00004690 tid 00003030 (parent 00030636) style 86000000 class 'vguiPopupWindow' title ""
hwnd 00070654 pid 00004690 tid 00003030 (parent 00030636) style 86000000 class 'vguiPopupWindow' title ""
hwnd 00030636 pid 00004690 tid 00003030 (parent 00000000) style 86cf0000 class 'vguiPopupWindow' title "Servers"
hwnd 0040057c pid 00004690 tid 00003030 (parent 000905fc) style 86000000 class 'vguiPopupWindow' title ""
hwnd 000605e8 pid 00004690 tid 00003030 (parent 000905fc) style 86000000 class 'vguiPopupWindow' title ""
hwnd 000905fc pid 00004690 tid 00003030 (parent 00000000) style 86cf0000 class 'vguiPopupWindow' title "Friends"
hwnd 000206b8 pid 00004044 tid 0000144c (parent 00000000) style 84000000 class '.NET-BroadcastEventWindow.4.0.0.0.165f26b.0' title ".NET-BroadcastEventWindow.4.0.0.0.165f26b.0"
hwnd 000206c0 pid 00004044 tid 000015dc (parent 00000000) style 84000000 class 'GDI+ Hook Window Class' title "GDI+ Window (notepad++.exe)"
hwnd 00050648 pid 00003914 tid 000003d4 (parent 00000000) style 8c000000 class 'Chrome_WidgetWin_0' title ""
hwnd 000306da pid 000029f8 tid 00004390 (parent 00000000) style 04c00000 class 'WorkerW' title ""
hwnd 00050562 pid 000029f8 tid 00000f5c (parent 00000000) style 04c00000 class 'WorkerW' title ""
hwnd 00030500 pid 00003b78 tid 00000b10 (parent 00000000) style 04c00000 class 'WorkerW' title ""
hwnd 00030110 pid 00003b78 tid 00004340 (parent 00000000) style 94000000 class 'Windows.UI.Core.CoreWindow' title "Settings"
hwnd 0003067e pid 0000371c tid 000032a4 (parent 00000000) style 94cf0000 class 'ApplicationFrameWindow' title "Settings"
hwnd 00010292 pid 0000309c tid 000030a0 (parent 0001028e) style 94880000 class 'MBTrayClose' title "Malwarebytes Tray Application"
hwnd 0001028e pid 0000309c tid 000030a0 (parent 00000000) style 04c00000 class 'MBTrayClose' title ""
hwnd 0001061e pid 00002540 tid 00002388 (parent 00000000) style 04cf0000 class 'NVIDIA NodeJS Share Window' title "NVIDIA NodeJS Share Window"
hwnd 0001061c pid 00002540 tid 00004334 (parent 00000000) style 04cf0000 class '{5AEA657D-F3F5-4BD8-BFE9-A4B537FA24C3}' title "{5AEA657D-F3F5-4BD8-BFE9-A4B537FA24C3}"
hwnd 00010604 pid 00002704 tid 000027f0 (parent 00000000) style 84000000 class 'MSHardwareHunterWindow' title ""
hwnd 00010600 pid 00002704 tid 000027f0 (parent 00000000) style 04c00000 class 'HunterDataWindow' title ""
hwnd 000201cc pid 00002704 tid 000027f0 (parent 00000000) style 04c00000 class 'DPGHntCmdSrvWnd' title "mouse"
hwnd 0003048e pid 00002704 tid 000026e8 (parent 00000000) style 04c00000 class 'AK_DISPATCHER_WINDOW_CLASS' title "AK_DISPATCHER_WINDOW_TITLE"
hwnd 000201c6 pid 00002704 tid 000026f0 (parent 00000000) style 04c00000 class 'CommandServerWindow' title "mouse"
hwnd 00020572 pid 0000273c tid 00002740 (parent 00000000) style 04c00000 class 'ConfigurableHotKeyKeyboardMonitorWindow' title ""
hwnd 0003056e pid 0000273c tid 00002740 (parent 00000000) style 04c00000 class 'HotKeyKeyboardMonitorWindow' title ""
hwnd 000d056c pid 0000273c tid 00002740 (parent 00000000) style 04c00000 class 'KeyboardShellHookEventSourceWindow' title ""
hwnd 000d0570 pid 0000273c tid 00002740 (parent 00000000) style 04c00000 class 'ScrollLockOSDListenerWindow' title ""
hwnd 0007031e pid 0000273c tid 00002740 (parent 00000000) style 04c00000 class 'keyboardWorkingSetManagerWindow' title ""
hwnd 00030320 pid 0000273c tid 00002740 (parent 00000000) style 04c00000 class 'Type32_KeyboardHookWindow' title ""
hwnd 00010606 pid 00002704 tid 00002708 (parent 00000000) style 04c00000 class 'MouseHoverWindowDetector' title ""
hwnd 00010608 pid 00002704 tid 00002708 (parent 00000000) style 04c00000 class 'FilterDriverEventSourceWindow' title ""
hwnd 0001060a pid 00002704 tid 00002708 (parent 00000000) style 04c00000 class 'FirstConnectTransitionInitiatorWindow' title ""
hwnd 0001060c pid 00002704 tid 00002708 (parent 00000000) style 04c00000 class 'FirstConnectManagerWindow' title ""
hwnd 0001060e pid 00002704 tid 00002708 (parent 00000000) style 04c00000 class '{82A5760C-2D7B-4354-A34E-B900CC23A282}' title ""
hwnd 00010610 pid 00002704 tid 00002708 (parent 00000000) style 04c00000 class 'FirstConnectDeviceMonitorWindow' title ""
hwnd 00010612 pid 00002704 tid 00002708 (parent 00000000) style 04c00000 class 'DeviceChangeWindowName' title ""
hwnd 00010614 pid 00002704 tid 00002708 (parent 00000000) style 04c00000 class 'IntelliPointHidClientFUSWindow' title ""
hwnd 00010616 pid 00002704 tid 00002708 (parent 00000000) style 04c00000 class 'IntelliPointHotplugBulletinWindow' title ""
hwnd 00010618 pid 00002704 tid 00002708 (parent 00000000) style 04c00000 class 'mouseWorkingSetManagerWindow' title ""
hwnd 0001061a pid 00002704 tid 00002708 (parent 00000000) style 04c00000 class 'DeviceListenerWindow' title ""
hwnd 00010624 pid 00002704 tid 00002708 (parent 00000000) style 04c00000 class 'TouchMouseMonitorWindowV2' title ""
hwnd 000205b6 pid 00002704 tid 00002708 (parent 00000000) style 9c000000 class 'GestureFeedbackAnimationWindow' title ""
hwnd 0002050e pid 00002704 tid 00002708 (parent 00000000) style 04c00000 class 'RawInputDetectorWindow' title "RawInputDetectorCaptionForIPoint"
hwnd 0001051c pid 00002704 tid 00002708 (parent 00000000) style 04c00000 class 'RawMouseInputWindow' title ""
hwnd 0001051a pid 00002704 tid 00002708 (parent 00000000) style 04c00000 class 'SmartSwitchWindow' title ""
hwnd 00010580 pid 00004230 tid 00003a98 (parent 00000000) style 04c00000 class 'AudioLaunchpadMsgWindowAWSoundCenter' title ""
hwnd 00010568 pid 00002704 tid 00002708 (parent 00000000) style 04c00000 class 'MouseCommandDispatcherWindow' title ""
hwnd 00010566 pid 00002704 tid 00002708 (parent 00000000) style 04c00000 class 'MouseShellHookEventSourceWindow' title ""
hwnd 00030492 pid 00002704 tid 00002708 (parent 00000000) style 04c00000 class 'DPGSessionNotifierWindow' title ""
hwnd 0004022e pid 00002704 tid 00002708 (parent 00000000) style 04c00000 class 'RawMouseInputWindow' title ""
hwnd 000204c4 pid 000036f4 tid 000036ec (parent 00000000) style 04cf0000 class 'LauncherAWSoundCenter' title "Alienware Sound Center"
hwnd 000104ae pid 00003bb8 tid 00003bac (parent 00000000) style 04c00000 class 'WindowsForms10.Window.0.app.0.141b42a_r7_ad1' title ""
hwnd 000104ac pid 00003bb8 tid 00003bac (parent 00000000) style 84000000 class '.NET-BroadcastEventWindow.4.0.0.0.141b42a.0' title ".NET-BroadcastEventWindow.4.0.0.0.141b42a.0"
hwnd 000104a4 pid 00003bb8 tid 00001174 (parent 00000000) style 84000000 class 'GDI+ Hook Window Class' title "GDI+ Window (AlienFusionController.exe)"
hwnd 000203ba pid 00003460 tid 0000345c (parent 00000000) style 04c00000 class 'WindowsForms10.Window.0.app.0.141b42a_r7_ad1' title ""
hwnd 00030276 pid 000027ec tid 000027e8 (parent 00000000) style 84000000 class 'Electron_NotifyIconHostWindow' title ""
hwnd 00020252 pid 000027ec tid 000027e8 (parent 00000000) style 8c000000 class 'Chrome_WidgetWin_0' title ""
hwnd 000204c0 pid 00002704 tid 00002708 (parent 00000000) style 04c00000 class 'DeviceModelTrayBalloonWindow' title ""
hwnd 000204cc pid 00002704 tid 00002708 (parent 00000000) style 04c00000 class 'Point32ExeMainWindow' title ""
hwnd 000303b2 pid 00002704 tid 00002708 (parent 00000000) style 04c00000 class 'StaticDataManagerWindow' title ""
hwnd 000104d6 pid 00003914 tid 00001204 (parent 00000000) style 8c000000 class 'Chrome_WidgetWin_0' title ""
hwnd 0001046c pid 00003914 tid 00003c30 (parent 00000000) style 8c000000 class 'Chrome_WidgetWin_0' title ""
hwnd 00010462 pid 00003914 tid 00003c28 (parent 00000000) style 8c000000 class 'Chrome_WidgetWin_0' title ""
hwnd 00020456 pid 00003914 tid 00003c20 (parent 00000000) style 8c000000 class 'Chrome_WidgetWin_0' title ""
hwnd 0001044c pid 00002c84 tid 00001e78 (parent 00000000) style 8c000000 class 'Chrome_WidgetWin_0' title ""
hwnd 000103ec pid 000027ec tid 000027e8 (parent 00000000) style 04c00000 class 'Chrome_SystemMessageWindow' title ""
hwnd 000103e2 pid 000027ec tid 000027e8 (parent 00000000) style 06cf0000 class 'Chrome_WidgetWin_0' title ""
hwnd 000103da pid 000036f8 tid 000035b4 (parent 00000000) style 04c00000 class 'crashpad_SessionEndWatcher' title ""
hwnd 00010420 pid 00002c84 tid 00001e78 (parent 00000000) style 04c00000 class 'Chrome_SystemMessageWindow' title ""
hwnd 00010416 pid 00002c84 tid 00001e78 (parent 00000000) style 06cf0000 class 'Chrome_WidgetWin_0' title ""
hwnd 0001040e pid 00002c84 tid 00001e78 (parent 00000000) style 84000000 class 'Base_PowerMessageWindow' title ""
hwnd 000603b4 pid 000027c0 tid 00003838 (parent 00000000) style 04c00000 class 'crashpad_SessionEndWatcher' title ""
hwnd 000103e6 pid 000037a8 tid 00002738 (parent 00000000) style 84000000 class '.NET-BroadcastEventWindow.5c39d4.0' title ".NET-BroadcastEventWindow.5c39d4.0"
hwnd 000103ca pid 00003438 tid 00003464 (parent 00000000) style 8408004c class 'DellHotkeyClass' title ""
hwnd 000103c4 pid 000027ec tid 000027e8 (parent 00000000) style 84000000 class 'Base_PowerMessageWindow' title ""
hwnd 000103b6 pid 00000368 tid 00003730 (parent 00000000) style 84000000 class 'EFDeskPins' title "DeskPins"
hwnd 000103a8 pid 00003460 tid 0000345c (parent 00000000) style 04c00000 class 'WindowsForms10.Window.0.app.0.141b42a_r7_ad1' title ""
hwnd 000103a6 pid 00003460 tid 0000345c (parent 00000000) style 84000000 class '.NET-BroadcastEventWindow.4.0.0.0.141b42a.0' title ".NET-BroadcastEventWindow.4.0.0.0.141b42a.0"
hwnd 00010396 pid 00002c28 tid 000026c0 (parent 00000000) style 84000000 class 'Afx:0000000140000000:0' title "Realtek HD Audio Background Process for Vista"
hwnd 00010392 pid 00002c28 tid 00002c24 (parent 00000000) style 84000000 class 'GDI+ Hook Window Class' title "GDI+ Window (RAVBg64.exe)"
hwnd 0001037e pid 0000373c tid 00003740 (parent 00000000) style 84000000 class 'Afx:0000000140000000:0' title "Realtek HD Audio New GUI"
hwnd 0001037c pid 0000373c tid 00003740 (parent 00000000) style 84000000 class 'Message' title "Animate Manager"
hwnd 0001037a pid 0000373c tid 00003740 (parent 00000000) style 84000000 class 'Afx:0000000140000000:0' title "RTK TRAYICON"
hwnd 00010378 pid 0000373c tid 00003740 (parent 00000000) style 84000000 class 'RtkAudioEngineClass' title "AudioEngine For Realtek HD Audio New GUI"
hwnd 0001036c pid 0000373c tid 00003740 (parent 00000000) style 84000000 class 'Afx:0000000140000000:0' title "RTK AUDIO DRIVER EVENT MGR"
hwnd 0001036a pid 000036b0 tid 000036b4 (parent 00000000) style 04c00000 class 'WindowsForms10.Window.0.app.0.141b42a_r6_ad1' title ""
hwnd 00010368 pid 000036b0 tid 000036b4 (parent 00000000) style 84000000 class '.NET-BroadcastEventWindow.4.0.0.0.141b42a.0' title ".NET-BroadcastEventWindow.4.0.0.0.141b42a.0"
hwnd 0001035e pid 000036b0 tid 000036d0 (parent 00000000) style 84000000 class 'GDI+ Hook Window Class' title "GDI+ Window (AWCCServiceController.exe)"
hwnd 00010358 pid 0000273c tid 00002740 (parent 00000000) style 04c00000 class 'HidDeviceWindow' title ""
hwnd 00010356 pid 0000273c tid 00002740 (parent 00000000) style 04c00000 class 'HidDeviceWindow' title ""
hwnd 00010354 pid 0000273c tid 00002740 (parent 00000000) style 04c00000 class 'HidDeviceWindow' title ""
hwnd 00010352 pid 0000273c tid 00002740 (parent 00000000) style 04c00000 class 'HidDeviceWindow' title ""
hwnd 00010350 pid 0000273c tid 00002740 (parent 00000000) style 04c00000 class 'HidDeviceWindow' title ""
hwnd 0001034e pid 0000273c tid 00002740 (parent 00000000) style 04c00000 class 'HidDeviceWindow' title ""
hwnd 0001034c pid 0000273c tid 00002740 (parent 00000000) style 04c00000 class 'HidDeviceWindow' title ""
hwnd 0001034a pid 0000273c tid 00002740 (parent 00000000) style 04c00000 class 'HidDeviceWindow' title ""
hwnd 00010346 pid 0000273c tid 00002740 (parent 00000000) style 04c00000 class 'Type32HotplugBulletinWindow' title ""
hwnd 00030344 pid 0000273c tid 00002740 (parent 00000000) style 04c00000 class 'Type32HidClientFUSWindow' title ""
hwnd 00020340 pid 00003110 tid 00003668 (parent 00000000) style 04c00000 class 'WorkerW' title ""
hwnd 0001033a pid 0000273c tid 00002740 (parent 00000000) style 04c00000 class 'DeviceChangeWindowName' title ""
hwnd 00010338 pid 0000273c tid 00002740 (parent 00000000) style 04c00000 class 'FirstConnectDeviceMonitorWindow' title ""
hwnd 00010336 pid 0000273c tid 00002740 (parent 00000000) style 04c00000 class '{F2E7F98B-F6BB-4193-8438-33084D3B79B0}' title ""
hwnd 00010334 pid 0000273c tid 00002740 (parent 00000000) style 04c00000 class 'FirstConnectManagerWindow' title ""
hwnd 00010332 pid 0000273c tid 00002740 (parent 00000000) style 04c00000 class 'FirstConnectTransitionInitiatorWindow' title ""
hwnd 00010330 pid 0000273c tid 000035e8 (parent 00000000) style 84000000 class 'MSHardwareHunterWindow' title ""
hwnd 0001032c pid 0000273c tid 000035e8 (parent 00000000) style 04c00000 class 'HunterDataWindow' title ""
hwnd 00020210 pid 0000273c tid 000035e8 (parent 00000000) style 04c00000 class 'DPGHntCmdSrvWnd' title "keyboard"
hwnd 00010326 pid 0000273c tid 000035c0 (parent 00000000) style 04c00000 class 'CommandServerWindow' title "keyboard"
hwnd 0001031c pid 0000273c tid 00002740 (parent 00000000) style 04c00000 class 'Type32CommandDispatcherWindow' title ""
hwnd 0001031a pid 0000273c tid 00002740 (parent 00000000) style 04c00000 class 'Type32CheckNewProductWindow' title ""
hwnd 00010318 pid 0000273c tid 00002740 (parent 00000000) style 04c00000 class 'DPGSessionNotifierWindow' title ""
hwnd 00010316 pid 0000273c tid 00002740 (parent 00000000) style 04c00000 class 'RawKeyboardInputWindow' title ""
hwnd 00010314 pid 0000273c tid 00002740 (parent 00000000) style 04c00000 class 'RawKeyboardInputWindow' title ""
hwnd 00020312 pid 0000273c tid 00002740 (parent 00000000) style 04c00000 class 'DeviceModelTrayBalloonWindow' title ""
hwnd 001202d8 pid 0000273c tid 00002740 (parent 00000000) style 04c00000 class 'Type32ExeWindow' title ""
hwnd 000702dc pid 0000273c tid 00002740 (parent 00000000) style 04c00000 class 'RawInputDetectorWindow' title "RawInputDetectorCaptionForIType"
hwnd 000302a2 pid 0000273c tid 00002740 (parent 00000000) style 04c00000 class 'StaticDataManagerWindow' title ""
hwnd 0002030e pid 00003424 tid 00003428 (parent 00000000) style 04c00000 class 'MKCHelperWindow' title ""
hwnd 001d0062 pid 00001d18 tid 00002f84 (parent 00000000) style 94000000 class 'Windows.UI.Core.CoreWindow' title "Microsoft Text Input Application"
hwnd 00030052 pid 0000339c tid 000009fc (parent 00000000) style 04c00000 class 'WorkerW' title ""
hwnd 00030064 pid 000029f8 tid 0000336c (parent 00000000) style 04cf0000 class 'MS_WebcheckMonitor' title "MS_WebcheckMonitor"
hwnd 00020094 pid 000029f8 tid 00003370 (parent 00000000) style 04c00000 class 'BluetoothNotificationAreaIconWindowClass' title "BluetoothNotificationAreaIconWindowClass"
hwnd 000602d6 pid 000029f8 tid 0000336c (parent 00000000) style 04c00000 class 'WorkerW' title ""
hwnd 000402cc pid 000029f8 tid 0000336c (parent 00000000) style 04c00000 class 'WorkerW' title ""
hwnd 000102c0 pid 000029f8 tid 0000336c (parent 00000000) style 04c00000 class 'WorkerW' title ""
hwnd 000702a0 pid 0000309c tid 000030a0 (parent 00000000) style 86cf0000 class 'Qt5158QWindowIcon' title "mbamtray"
hwnd 002a04ec pid 0000309c tid 000030a0 (parent 00000000) style 04c00000 class 'Qt5158TrayIconMessageWindowClass' title "QTrayIconMessageWindow"
hwnd 00010260 pid 000029f8 tid 0000322c (parent 00000000) style 04c00000 class 'WorkerW' title ""
hwnd 00010264 pid 000029f8 tid 00002b7c (parent 00000000) style 84000000 class 'OleDdeWndClass' title "DDE Server Window"
hwnd 000101e6 pid 000029f8 tid 00002eb8 (parent 00000000) style 84000000 class 'TabletModeCoverWindow' title ""
hwnd 00010218 pid 000029f8 tid 00002eb8 (parent 00000000) style 04c00000 class 'WorkerW' title ""
hwnd 0001021a pid 000029f8 tid 00002eb8 (parent 00000000) style 04c00000 class 'WorkerW' title ""
hwnd 000101e8 pid 000029f8 tid 00002eb8 (parent 00000000) style 94000000 class 'DummyDWMListenerWindow' title ""
hwnd 000101e0 pid 000029f8 tid 00002eb8 (parent 00000000) style 94000000 class 'EdgeUiInputTopWndClass' title ""
hwnd 000101be pid 000029f8 tid 00002eb8 (parent 00000000) style 94000000 class 'DummyDWMListenerWindow' title ""
hwnd 000101bc pid 000029f8 tid 00002eb8 (parent 00000000) style 94000000 class 'DummyDWMListenerWindow' title ""
hwnd 000101a8 pid 000029f8 tid 00002eb8 (parent 00000000) style 04c00000 class 'WorkerW' title ""
hwnd 000101a4 pid 000029f8 tid 000029fc (parent 00000000) style 84000000 class 'WorkerW' title ""
hwnd 00010198 pid 000029f8 tid 000029fc (parent 00000000) style 04c00000 class 'WorkerW' title ""
hwnd 00010174 pid 00002864 tid 00002874 (parent 00000000) style 84000000 class 'OpenShellMenu.CStartHookWindow' title "StartHookWindow"
hwnd 00020166 pid 00002538 tid 00002764 (parent 00000000) style 84c800cc class '#32770' title "The Event Manager - Status"
hwnd 0005047c pid 000037a8 tid 000042c0 (parent 00000000) style 84000000 class 'GDI+ Hook Window Class' title "GDI+ Window (PhoneExperienceHost.exe)"
hwnd 0005043a pid 000037a8 tid 000037ac (parent 00000000) style 04c00000 class 'YourPhoneTrayIcon_6cdec4d3-9697-40df-b6c2-96e9ed842c0c' title ""
hwnd 00010482 pid 000026bc tid 000040cc (parent 00000000) style 8c000000 class 'Chrome_WidgetWin_0' title ""
hwnd 000402f8 pid 00002c84 tid 00001e78 (parent 00000000) style 04c00000 class 'SleepDetectorServiceWindowClass' title "SleepDetectorServiceWindowClass"
hwnd 0002038c pid 0000373c tid 00003740 (parent 00000000) style 84000000 class 'RtkVenderSpecSettingClass' title "CVenderSpecSetting"
hwnd 00030386 pid 0000373c tid 00003740 (parent 00000000) style 84000000 class 'Afx:0000000140000000:0' title "ViennaSettingUI"
hwnd 00010126 pid 000029f8 tid 00002be4 (parent 00000000) style 04c00000 class 'WorkerW' title ""
hwnd 00020124 pid 000029f8 tid 00002b7c (parent 00000000) style 04c00000 class 'WorkerW' title ""
hwnd 0001010a pid 000029f8 tid 000029fc (parent 00000000) style c4000000 class 'DDEMLEvent' title ""
hwnd 00010106 pid 000029f8 tid 000029fc (parent 00000000) style 84000000 class 'DDEMLMom' title ""
hwnd 000200fc pid 0000262c tid 00002838 (parent 00000000) style 84000000 class 'PushNotificationsPowerManagement' title "Windows Push Notifications Platform"
hwnd 000300a8 pid 000024c4 tid 00002798 (parent 00000000) style 04c00000 class 'BroadcastListenerWindowThreadClass10136' title "BroadcastListenerWindow"
hwnd 000b0024 pid 000024c4 tid 00002780 (parent 00000000) style 04c00000 class 'BroadcastListenerWindowThreadClass10112' title "BroadcastListenerWindow"
hwnd 00020030 pid 00002484 tid 00002488 (parent 00000000) style 84000000 class 'SynTPEnhTrayWndClass' title "Touchpad driver tray icon window"
hwnd 00020034 pid 000026d8 tid 0000270c (parent 00000000) style 04c00000 class 'COMTASKSWINDOWCLASS' title "Task Host Window"
hwnd 0002003c pid 00002484 tid 00002488 (parent 00000000) style 04c00000 class 'CTouchPadSynchronizer' title "TouchPad object helper window"
hwnd 00020040 pid 000024c4 tid 000024c8 (parent 00000000) style 84000000 class 'NvContainerWindowClass000024C4' title "NvContainerWindowClass000024C4"
hwnd 00020042 pid 00002484 tid 00002488 (parent 00000000) style 84000000 class 'SynTPEnhWndClass' title "Touchpad driver helper window"
hwnd 00020046 pid 00002484 tid 00002488 (parent 00000000) style 84000000 class 'ScrollerooWindowClass' title "Touchpad driver backward compatibility window"
hwnd 0001009c pid 00001ccc tid 00001cd0 (parent 00000000) style 04cf0000 class 'rxDiagRuntimePumpWindowClass' title "RxDiag Message Pump 2020 NVIDIA Corporation Dec 29 2020 22:50:23"
hwnd 00010098 pid 00001ccc tid 00001cd0 (parent 00000000) style 04c00000 class 'RunDLL' title ""
hwnd 0001008a pid 00001378 tid 0000137c (parent 00000000) style 84000000 class 'Afx:0000000140000000:0' title "Realtek HD Audio Background Process for Vista"
hwnd 00010088 pid 00001364 tid 00001368 (parent 00000000) style 84000000 class 'Afx:0000000140000000:0' title "Realtek HD Audio Background Process for Vista"
hwnd 00010082 pid 00001364 tid 00001408 (parent 00000000) style 84000000 class 'GDI+ Hook Window Class' title "GDI+ Window (RAVBg64.exe)"
hwnd 00010080 pid 00001378 tid 00001404 (parent 00000000) style 84000000 class 'GDI+ Hook Window Class' title "GDI+ Window (RAVBg64.exe)"
hwnd 0001005e pid 000005e4 tid 000005e8 (parent 00000000) style a4000000 class 'Dwm' title "DWM Notification Window"
hwnd 000100e8 pid 00002448 tid 00002444 (parent 00000000) style 0cc00000 class 'CicLoaderWndClass' title ""
hwnd 00010364 pid 000036b0 tid 000036b4 (parent 00000000) style 26cf0000 class 'WindowsForms10.Window.8.app.0.141b42a_r6_ad1' title "Remoting Service Controller"
hwnd 0001038e pid 0000373c tid 00003740 (parent 00000000) style 84000000 class 'Afx:0000000140000000:0' title "Realtek HD Audio New GUI background window"
hwnd 000104a8 pid 00003bb8 tid 00003bac (parent 00000000) style 26cf0000 class 'WindowsForms10.Window.8.app.0.141b42a_r7_ad1' title "AlienFusion Controller"
hwnd 000103a2 pid 00003460 tid 0000345c (parent 00000000) style 36cf0000 class 'WindowsForms10.Window.8.app.0.141b42a_r7_ad1' title "AlienwareTactXMacroController"
hwnd 000605c8 pid 00004690 tid 00003030 (parent 00070594) style 86000000 class 'vguiPopupWindow' title ""
hwnd 001804f8 pid 00004690 tid 00003030 (parent 00070594) style 86000000 class 'vguiPopupWindow' title ""
hwnd 00070594 pid 00004690 tid 00003030 (parent 00000000) style 86cf0000 class 'vguiPopupWindow' title "Screenshot Uploader"
hwnd 000400f8 pid 000029f8 tid 000029fc (parent 00000000) style 96000000 class 'WorkerW' title ""
hwnd 000f02f6 pid 000029f8 tid 000029fc (parent 00010188) style 9e000000 class 'WorkerW' title ""
hwnd 00010188 pid 000029f8 tid 000029fc (parent 00000000) style 96000000 class 'Progman' title "Program Manager"
hwnd 000100f2 pid 00002484 tid 00002488 (parent 00020044) style 8c000000 class 'MSCTFIME UI' title "MSCTFIME UI"
hwnd 00020044 pid 00002484 tid 00002488 (parent 0002002e) style 8c000000 class 'IME' title "Default IME"
hwnd 00040324 pid 00003438 tid 000030e8 (parent 000402f0) style 8c000000 class 'IME' title "Default IME"
hwnd 000103a0 pid 00003460 tid 00001814 (parent 0001039e) style 8c000000 class 'IME' title "Default IME"
hwnd 000600f6 pid 00002954 tid 00002958 (parent 00020100) style 8c000000 class 'IME' title "Default IME"
hwnd 00010300 pid 00001d18 tid 000006ec (parent 000700a0) style 8c000000 class 'IME' title "Default IME"
hwnd 00010302 pid 000029f8 tid 00001db8 (parent 000202fe) style 8c000000 class 'IME' title "Default IME"
hwnd 00020552 pid 000029f8 tid 00002fbc (parent 000101f6) style 8c000000 class 'MSCTFIME UI' title "MSCTFIME UI"
hwnd 000101f6 pid 000029f8 tid 00002fbc (parent 000101f4) style 8c000000 class 'IME' title "Default IME"
hwnd 00b20764 pid 000039f8 tid 0000429c (parent 00010542) style 8c000000 class 'MSCTFIME UI' title "MSCTFIME UI"
hwnd 00010542 pid 000039f8 tid 0000429c (parent 00010540) style 8c000000 class 'IME' title "Default IME"
hwnd 010505d2 pid 0000315c tid 00003234 (parent 00540944) style 8c000000 class 'IME' title "Default IME"
hwnd 0002023c pid 00000e6c tid 000007e8 (parent 00020256) style 8c000000 class 'IME' title "Default IME"
hwnd 00020270 pid 00000e6c tid 000006d8 (parent 00020256) style 8c000000 class 'IME' title "Default IME"
hwnd 00090734 pid 000039f8 tid 00002854 (parent 00070742) style 8c000000 class 'MSCTFIME UI' title "MSCTFIME UI"
hwnd 00070742 pid 000039f8 tid 00002854 (parent 005d066c) style 8c000000 class 'IME' title "Default IME"
hwnd 0001020e pid 00000680 tid 00002c98 (parent 0001020c) style 8c000000 class 'IME' title "Default IME"
hwnd 000203f2 pid 000039f8 tid 000023d4 (parent 000403f0) style 8c000000 class 'IME' title "Default IME"
hwnd 00010186 pid 000029f8 tid 00002b7c (parent 00010114) style 8c000000 class 'MSCTFIME UI' title "MSCTFIME UI"
hwnd 00010114 pid 000029f8 tid 00002b7c (parent 00010112) style 8c000000 class 'IME' title "Default IME"
hwnd 000f092e pid 000006fc tid 000021d8 (parent 00390bac) style 8c000000 class 'MSCTFIME UI' title "MSCTFIME UI"
hwnd 00390bac pid 000006fc tid 000021d8 (parent 002a0bd2) style 8c000000 class 'IME' title "Default IME"
hwnd 00160236 pid 000006fc tid 00000c98 (parent 00280878) style 8c000000 class 'IME' title "Default IME"
hwnd 000102b2 pid 000029f8 tid 00003370 (parent 000102b0) style 8c000000 class 'IME' title "Default IME"
hwnd 00010440 pid 00002c84 tid 00001e78 (parent 00010410) style 8c000000 class 'MSCTFIME UI' title "MSCTFIME UI"
hwnd 00010410 pid 00002c84 tid 00001e78 (parent 0003041c) style 8c000000 class 'IME' title "Default IME"
hwnd 00010434 pid 000027ec tid 000027e8 (parent 000103c6) style 8c000000 class 'MSCTFIME UI' title "MSCTFIME UI"
hwnd 000103c6 pid 000027ec tid 000027e8 (parent 0004025c) style 8c000000 class 'IME' title "Default IME"
hwnd 00fa0b24 pid 00004408 tid 00004db0 (parent 001c099e) style 8c000000 class 'MSCTFIME UI' title "MSCTFIME UI"
hwnd 001c099e pid 00004408 tid 00004db0 (parent 007e06bc) style 8c000000 class 'IME' title "Default IME"
hwnd 00510858 pid 00004408 tid 00001844 (parent 002508e4) style 8c000000 class 'IME' title "Default IME"
hwnd 006d091a pid 00004408 tid 000013ac (parent 003e0770) style 8c000000 class 'IME' title "Default IME"
hwnd 00ac07f4 pid 00004408 tid 00002acc (parent 006408a4) style 8c000000 class 'IME' title "Default IME"
hwnd 000504d0 pid 000029f8 tid 00002eb8 (parent 000101aa) style 8c000000 class 'MSCTFIME UI' title "MSCTFIME UI"
hwnd 000101aa pid 000029f8 tid 00002eb8 (parent 000101ac) style 8c000000 class 'IME' title "Default IME"
hwnd 00030696 pid 00004044 tid 0000144c (parent 0006059e) style 8c000000 class 'MSCTFIME UI' title "MSCTFIME UI"
hwnd 0006059e pid 00004044 tid 0000144c (parent 000705a8) style 8c000000 class 'IME' title "Default IME"
hwnd 003509a8 pid 00000fb4 tid 00003408 (parent 0049033c) style 8c000000 class 'MSCTFIME UI' title "MSCTFIME UI"
hwnd 0049033c pid 00000fb4 tid 00003408 (parent 00480992) style 8c000000 class 'IME' title "Default IME"
hwnd 002108cc pid 000029f8 tid 00004bbc (parent 005a0844) style 8c000000 class 'MSCTFIME UI' title "MSCTFIME UI"
hwnd 005a0844 pid 000029f8 tid 00004bbc (parent 002404b4) style 8c000000 class 'IME' title "Default IME"
hwnd 00180aec pid 000029f8 tid 00004f44 (parent 006d0be4) style 8c000000 class 'MSCTFIME UI' title "MSCTFIME UI"
hwnd 006d0be4 pid 000029f8 tid 00004f44 (parent 015d07e8) style 8c000000 class 'IME' title "Default IME"
hwnd 005d0ab6 pid 000029f8 tid 000033b8 (parent 00490aa6) style 8c000000 class 'IME' title "Default IME"
hwnd 000f0a98 pid 00002544 tid 00004f7c (parent 00120a88) style 8c000000 class 'IME' title "Default IME"
hwnd 008d077c pid 00002544 tid 00002584 (parent 00260966) style 8c000000 class 'IME' title "Default IME"
hwnd 01900aaa pid 00002544 tid 00004fb8 (parent 00360b0e) style 8c000000 class 'IME' title "Default IME"
hwnd 00500afe pid 00002544 tid 00002428 (parent 01220b50) style 8c000000 class 'IME' title "Default IME"
hwnd 002404c2 pid 00002544 tid 00001e7c (parent 0044043e) style 8c000000 class 'IME' title "Default IME"
hwnd 00130a12 pid 00002544 tid 00004fe4 (parent 001409c8) style 8c000000 class 'IME' title "Default IME"
hwnd 003b0aac pid 00002544 tid 00004fb4 (parent 017a081c) style 8c000000 class 'IME' title "Default IME"
hwnd 001109aa pid 00002544 tid 00001ac8 (parent 00130926) style 8c000000 class 'IME' title "Default IME"
hwnd 00260b36 pid 00002544 tid 00004ebc (parent 00390b3c) style 8c000000 class 'IME' title "Default IME"
hwnd 01710982 pid 00003c5c tid 00004674 (parent 038b0aca) style 8c000000 class 'IME' title "Default IME"
hwnd 00010196 pid 000029f8 tid 000029fc (parent 00010108) style 8c000000 class 'MSCTFIME UI' title "MSCTFIME UI"
hwnd 00010108 pid 000029f8 tid 000029fc (parent 000400f8) style 8c000000 class 'IME' title "Default IME"
hwnd 000104a0 pid 000029f8 tid 00004190 (parent 0001049e) style 8c000000 class 'IME' title "Default IME"
hwnd 002c0954 pid 000029f8 tid 0000220c (parent 00430704) style 8c000000 class 'MSCTFIME UI' title "MSCTFIME UI"
hwnd 00430704 pid 000029f8 tid 0000220c (parent 0023078e) style 8c000000 class 'IME' title "Default IME"
hwnd 00120a62 pid 000029f8 tid 00002e2c (parent 000c0afc) style 8c000000 class 'MSCTFIME UI' title "MSCTFIME UI"
hwnd 000c0afc pid 000029f8 tid 00002e2c (parent 00330a7a) style 8c000000 class 'IME' title "Default IME"
hwnd 00090502 pid 000029f8 tid 0000469c (parent 003008e2) style 8c000000 class 'MSCTFIME UI' title "MSCTFIME UI"
hwnd 003008e2 pid 000029f8 tid 0000469c (parent 00280794) style 8c000000 class 'IME' title "Default IME"
hwnd 00210688 pid 000029f8 tid 000045a0 (parent 00080a0c) style 8c000000 class 'IME' title "Default IME"
hwnd 00450882 pid 00002608 tid 0000235c (parent 002b097a) style 8c000000 class 'IME' title "Default IME"
hwnd 000c08f0 pid 00000fec tid 000033ac (parent 004507ac) style 8c000000 class 'IME' title "Default IME"
hwnd 00030628 pid 00000838 tid 0000156c (parent 000a0268) style 8c000000 class 'MSCTFIME UI' title "MSCTFIME UI"
hwnd 000a0268 pid 00000838 tid 0000156c (parent 000c0560) style 8c000000 class 'IME' title "Default IME"
hwnd 000f0050 pid 00004690 tid 00003030 (parent 00060634) style 8c000000 class 'IME' title "Default IME"
hwnd 00020968 pid 00002544 tid 0000104c (parent 00170908) style 8c000000 class 'IME' title "Default IME"
hwnd 000e05f8 pid 00003248 tid 000045e4 (parent 0013055a) style 8c000000 class 'IME' title "Default IME"
hwnd 000505d4 pid 00001758 tid 00002068 (parent 000505d6) style 8c000000 class 'IME' title "Default IME"
hwnd 000505e2 pid 00001758 tid 00003098 (parent 000d05fa) style 8c000000 class 'IME' title "Default IME"
hwnd 000206c8 pid 00004044 tid 000015dc (parent 000206c0) style 8c000000 class 'IME' title "Default IME"
hwnd 000106a6 pid 000029f8 tid 00000f5c (parent 000a04de) style 8c000000 class 'MSCTFIME UI' title "MSCTFIME UI"
hwnd 000a04de pid 000029f8 tid 00000f5c (parent 00050562) style 8c000000 class 'IME' title "Default IME"
hwnd 001205ec pid 00003914 tid 000003d4 (parent 00050648) style 8c000000 class 'IME' title "Default IME"
hwnd 000406d2 pid 000029f8 tid 00004390 (parent 000306da) style 8c000000 class 'IME' title "Default IME"
hwnd 000604fe pid 00003b78 tid 00000b10 (parent 00030500) style 8c000000 class 'IME' title "Default IME"
hwnd 000f04fa pid 00003b78 tid 00004340 (parent 00030110) style 8c000000 class 'IME' title "Default IME"
hwnd 00060642 pid 0000371c tid 000032a4 (parent 0003067e) style 8c000000 class 'IME' title "Default IME"
hwnd 0002025e pid 0000309c tid 000030a0 (parent 00010290) style 8c000000 class 'MSCTFIME UI' title "MSCTFIME UI"
hwnd 00010290 pid 0000309c tid 000030a0 (parent 0001028e) style 8c000000 class 'IME' title "Default IME"
hwnd 00020620 pid 00002540 tid 00002388 (parent 0001061e) style 8c000000 class 'IME' title "Default IME"
hwnd 00010622 pid 00002540 tid 00004334 (parent 0001061c) style 8c000000 class 'IME' title "Default IME"
hwnd 00020200 pid 00002704 tid 000027f0 (parent 000201cc) style 8c000000 class 'IME' title "Default IME"
hwnd 000201ea pid 00002704 tid 000026e8 (parent 0003048e) style 8c000000 class 'IME' title "Default IME"
hwnd 000204b0 pid 00002704 tid 000026f0 (parent 000201c6) style 8c000000 class 'IME' title "Default IME"
hwnd 00010582 pid 00004230 tid 00003a98 (parent 00010580) style 8c000000 class 'IME' title "Default IME"
hwnd 000404fc pid 000036f4 tid 000036ec (parent 000204c4) style 8c000000 class 'IME' title "Default IME"
hwnd 000104a6 pid 00003bb8 tid 00001174 (parent 000104a4) style 8c000000 class 'IME' title "Default IME"
hwnd 000404ce pid 00002704 tid 00002708 (parent 000303b2) style 8c000000 class 'IME' title "Default IME"
hwnd 000104d8 pid 00003914 tid 00001204 (parent 000104d6) style 8c000000 class 'IME' title "Default IME"
hwnd 0001046e pid 00003914 tid 00003c30 (parent 0001046c) style 8c000000 class 'IME' title "Default IME"
hwnd 00010464 pid 00003914 tid 00003c28 (parent 00010462) style 8c000000 class 'IME' title "Default IME"
hwnd 00010458 pid 00003914 tid 00003c20 (parent 00020456) style 8c000000 class 'IME' title "Default IME"
hwnd 000103dc pid 000036f8 tid 000035b4 (parent 000103da) style 8c000000 class 'IME' title "Default IME"
hwnd 000103d8 pid 00003438 tid 00003464 (parent 000103cc) style 8c000000 class 'MSCTFIME UI' title "MSCTFIME UI"
hwnd 000103cc pid 00003438 tid 00003464 (parent 000103ca) style 8c000000 class 'IME' title "Default IME"
hwnd 000203fc pid 000027c0 tid 00003838 (parent 000603b4) style 8c000000 class 'IME' title "Default IME"
hwnd 000103e8 pid 000037a8 tid 00002738 (parent 000103e6) style 8c000000 class 'IME' title "Default IME"
hwnd 000103b8 pid 00000368 tid 00003730 (parent 000103b6) style 8c000000 class 'IME' title "Default IME"
hwnd 00010398 pid 00002c28 tid 000026c0 (parent 00010396) style 8c000000 class 'IME' title "Default IME"
hwnd 00010394 pid 00002c28 tid 00002c24 (parent 00010392) style 8c000000 class 'IME' title "Default IME"
hwnd 0001036e pid 0000373c tid 00003740 (parent 0001036c) style 8c000000 class 'IME' title "Default IME"
hwnd 00010360 pid 000036b0 tid 000036d0 (parent 0001035e) style 8c000000 class 'IME' title "Default IME"
hwnd 00010342 pid 00003110 tid 00003668 (parent 00020340) style 8c000000 class 'IME' title "Default IME"
hwnd 0001032a pid 0000273c tid 000035e8 (parent 00020210) style 8c000000 class 'IME' title "Default IME"
hwnd 00010328 pid 0000273c tid 000035c0 (parent 00010326) style 8c000000 class 'IME' title "Default IME"
hwnd 00110074 pid 0000273c tid 00002740 (parent 000302a2) style 8c000000 class 'IME' title "Default IME"
hwnd 00020310 pid 00003424 tid 00003428 (parent 0002030e) style 8c000000 class 'IME' title "Default IME"
hwnd 0017006a pid 00001d18 tid 00002f84 (parent 001d0062) style 8c000000 class 'IME' title "Default IME"
hwnd 00020068 pid 0000339c tid 000009fc (parent 00030052) style 8c000000 class 'IME' title "Default IME"
hwnd 000102c2 pid 000029f8 tid 0000336c (parent 000102c0) style 8c000000 class 'IME' title "Default IME"
hwnd 00010266 pid 000029f8 tid 0000322c (parent 00010260) style 8c000000 class 'IME' title "Default IME"
hwnd 0001017a pid 00002538 tid 00002764 (parent 0002016a) style 8c000000 class 'MSCTFIME UI' title "MSCTFIME UI"
hwnd 00010176 pid 00002864 tid 00002874 (parent 00010174) style 8c000000 class 'IME' title "Default IME"
hwnd 0002016a pid 00002538 tid 00002764 (parent 00020166) style 8c000000 class 'IME' title "Default IME"
hwnd 0003047e pid 000037a8 tid 000042c0 (parent 0005047c) style 8c000000 class 'IME' title "Default IME"
hwnd 00010488 pid 000037a8 tid 000037ac (parent 0005043a) style 8c000000 class 'IME' title "Default IME"
hwnd 00010484 pid 000026bc tid 000040cc (parent 00010482) style 8c000000 class 'IME' title "Default IME"
hwnd 00010128 pid 000029f8 tid 00002be4 (parent 00010126) style 8c000000 class 'IME' title "Default IME"
hwnd 000200fa pid 0000262c tid 00002838 (parent 000200fc) style 8c000000 class 'IME' title "Default IME"
hwnd 000300a4 pid 000024c4 tid 00002798 (parent 000300a8) style 8c000000 class 'IME' title "Default IME"
hwnd 00020022 pid 000024c4 tid 00002780 (parent 000b0024) style 8c000000 class 'IME' title "Default IME"
hwnd 0002003e pid 000024c4 tid 000024c8 (parent 00020040) style 8c000000 class 'IME' title "Default IME"
hwnd 0001009a pid 00001ccc tid 00001cd0 (parent 00010098) style 8c000000 class 'IME' title "Default IME"
hwnd 0001008e pid 00001378 tid 0000137c (parent 0001008a) style 8c000000 class 'IME' title "Default IME"
hwnd 0001008c pid 00001364 tid 00001368 (parent 00010088) style 8c000000 class 'IME' title "Default IME"
hwnd 00010084 pid 00001378 tid 00001404 (parent 00010080) style 8c000000 class 'IME' title "Default IME"
hwnd 00010086 pid 00001364 tid 00001408 (parent 00010082) style 8c000000 class 'IME' title "Default IME"
hwnd 00010366 pid 000036b0 tid 000036b4 (parent 00010364) style 8c000000 class 'IME' title "Default IME"
hwnd 000104aa pid 00003bb8 tid 00003bac (parent 000104a8) style 8c000000 class 'IME' title "Default IME"
hwnd 000103a4 pid 00003460 tid 0000345c (parent 000103a2) style 8c000000 class 'IME' title "Default IME"


